Started GET "/" for ::1 at 2020-12-18 06:54:10 +0900
  [1m[35m (5.2ms)[0m  [1m[34mSELECT sqlite_version(*)[0m
Processing by Rails::WelcomeController#index as HTML
  Rendering /Users/Shinya/.rbenv/versions/2.7.2/lib/ruby/gems/2.7.0/gems/railties-6.1.0/lib/rails/templates/rails/welcome/index.html.erb
  Rendered /Users/Shinya/.rbenv/versions/2.7.2/lib/ruby/gems/2.7.0/gems/railties-6.1.0/lib/rails/templates/rails/welcome/index.html.erb (Duration: 14.2ms | Allocations: 445)
Completed 200 OK in 38ms (Views: 20.6ms | ActiveRecord: 0.0ms | Allocations: 3600)


  [1m[35m (0.5ms)[0m  [1m[34mSELECT sqlite_version(*)[0m
  [1m[35m (2.1ms)[0m  [1m[35mCREATE TABLE "schema_migrations" ("version" varchar NOT NULL PRIMARY KEY)[0m
  [1m[35m (1.3ms)[0m  [1m[35mCREATE TABLE "ar_internal_metadata" ("key" varchar NOT NULL PRIMARY KEY, "value" varchar, "created_at" datetime(6) NOT NULL, "updated_at" datetime(6) NOT NULL)[0m
  [1m[35m (0.3ms)[0m  [1m[34mSELECT "schema_migrations"."version" FROM "schema_migrations" ORDER BY "schema_migrations"."version" ASC[0m
Migrating to CreatePosts (20170331045923)
  [1m[36mTRANSACTION (0.3ms)[0m  [1m[36mbegin transaction[0m
  [1m[35m (0.9ms)[0m  [1m[35mCREATE TABLE "posts" ("id" integer PRIMARY KEY AUTOINCREMENT NOT NULL, "content" text, "created_at" datetime NOT NULL, "updated_at" datetime NOT NULL)[0m
  [1m[36mActiveRecord::SchemaMigration Create (0.2ms)[0m  [1m[32mINSERT INTO "schema_migrations" ("version") VALUES (?)[0m  [["version", "20170331045923"]]
  [1m[36mTRANSACTION (1.1ms)[0m  [1m[36mcommit transaction[0m
Migrating to CreateUsers (20170418070645)
  [1m[36mTRANSACTION (0.1ms)[0m  [1m[36mbegin transaction[0m
  [1m[35m (0.5ms)[0m  [1m[35mCREATE TABLE "users" ("id" integer PRIMARY KEY AUTOINCREMENT NOT NULL, "name" varchar, "email" varchar, "created_at" datetime NOT NULL, "updated_at" datetime NOT NULL)[0m
  [1m[36mActiveRecord::SchemaMigration Create (0.2ms)[0m  [1m[32mINSERT INTO "schema_migrations" ("version") VALUES (?)[0m  [["version", "20170418070645"]]
  [1m[36mTRANSACTION (1.2ms)[0m  [1m[36mcommit transaction[0m
Migrating to AddImageNameToUsers (20170427063848)
  [1m[36mTRANSACTION (0.2ms)[0m  [1m[36mbegin transaction[0m
  [1m[35m (0.6ms)[0m  [1m[35mALTER TABLE "users" ADD "image_name" varchar[0m
  [1m[36mActiveRecord::SchemaMigration Create (0.2ms)[0m  [1m[32mINSERT INTO "schema_migrations" ("version") VALUES (?)[0m  [["version", "20170427063848"]]
  [1m[36mTRANSACTION (1.3ms)[0m  [1m[36mcommit transaction[0m
Migrating to AddPasswordToUsers (20170515060224)
  [1m[36mTRANSACTION (0.1ms)[0m  [1m[36mbegin transaction[0m
  [1m[35m (0.7ms)[0m  [1m[35mALTER TABLE "users" ADD "password" varchar[0m
  [1m[36mActiveRecord::SchemaMigration Create (0.2ms)[0m  [1m[32mINSERT INTO "schema_migrations" ("version") VALUES (?)[0m  [["version", "20170515060224"]]
  [1m[36mTRANSACTION (1.3ms)[0m  [1m[36mcommit transaction[0m
Migrating to AddUserIdToPosts (20170526082243)
  [1m[36mTRANSACTION (0.1ms)[0m  [1m[36mbegin transaction[0m
  [1m[35m (0.8ms)[0m  [1m[35mALTER TABLE "posts" ADD "user_id" integer[0m
  [1m[36mActiveRecord::SchemaMigration Create (0.2ms)[0m  [1m[32mINSERT INTO "schema_migrations" ("version") VALUES (?)[0m  [["version", "20170526082243"]]
  [1m[36mTRANSACTION (1.2ms)[0m  [1m[36mcommit transaction[0m
Migrating to CreateLikes (20170607073838)
  [1m[36mTRANSACTION (0.1ms)[0m  [1m[36mbegin transaction[0m
  [1m[35m (0.8ms)[0m  [1m[35mCREATE TABLE "likes" ("id" integer PRIMARY KEY AUTOINCREMENT NOT NULL, "user_id" integer, "post_id" integer, "created_at" datetime NOT NULL, "updated_at" datetime NOT NULL)[0m
  [1m[36mActiveRecord::SchemaMigration Create (0.3ms)[0m  [1m[32mINSERT INTO "schema_migrations" ("version") VALUES (?)[0m  [["version", "20170607073838"]]
  [1m[36mTRANSACTION (1.1ms)[0m  [1m[36mcommit transaction[0m
Migrating to ChangeUsersColumns (20201216213924)
  [1m[36mTRANSACTION (0.1ms)[0m  [1m[36mbegin transaction[0m
  [1m[35m (0.6ms)[0m  [1m[35mALTER TABLE "users" ADD "password_digest" varchar[0m
  [1m[35m (0.0ms)[0m  [1m[35mPRAGMA foreign_keys[0m
  [1m[35m (0.1ms)[0m  [1m[35mPRAGMA defer_foreign_keys[0m
  [1m[35m (0.1ms)[0m  [1m[35mPRAGMA defer_foreign_keys = ON[0m
  [1m[35m (0.1ms)[0m  [1m[35mPRAGMA foreign_keys = OFF[0m
  [1m[35m (0.3ms)[0m  [1m[35mCREATE TEMPORARY TABLE "ausers" ("id" integer NOT NULL PRIMARY KEY, "name" varchar DEFAULT NULL, "email" varchar DEFAULT NULL, "created_at" datetime NOT NULL, "updated_at" datetime NOT NULL, "image_name" varchar DEFAULT NULL, "password" varchar DEFAULT NULL, "password_digest" varchar DEFAULT NULL)[0m
  [1m[35m (0.1ms)[0m  [1m[32mINSERT INTO "ausers" ("id","name","email","created_at","updated_at","image_name","password","password_digest")
                     SELECT "id","name","email","created_at","updated_at","image_name","password","password_digest" FROM "users"[0m
  [1m[35m (0.2ms)[0m  [1m[35mDROP TABLE "users"[0m
  [1m[35m (0.2ms)[0m  [1m[35mCREATE TABLE "users" ("id" integer NOT NULL PRIMARY KEY, "name" varchar DEFAULT NULL, "email" varchar DEFAULT NULL, "created_at" datetime NOT NULL, "updated_at" datetime NOT NULL, "image_name" varchar DEFAULT NULL, "password_digest" varchar DEFAULT NULL)[0m
  [1m[35m (0.1ms)[0m  [1m[32mINSERT INTO "users" ("id","name","email","created_at","updated_at","image_name","password_digest")
                     SELECT "id","name","email","created_at","updated_at","image_name","password_digest" FROM "ausers"[0m
  [1m[35m (0.2ms)[0m  [1m[35mDROP TABLE "ausers"[0m
  [1m[35m (0.1ms)[0m  [1m[35mPRAGMA defer_foreign_keys = 0[0m
  [1m[35m (0.1ms)[0m  [1m[35mPRAGMA foreign_keys = 1[0m
  [1m[36mActiveRecord::SchemaMigration Create (0.2ms)[0m  [1m[32mINSERT INTO "schema_migrations" ("version") VALUES (?)[0m  [["version", "20201216213924"]]
  [1m[36mTRANSACTION (3.4ms)[0m  [1m[36mcommit transaction[0m
  [1m[36mActiveRecord::InternalMetadata Load (0.2ms)[0m  [1m[34mSELECT "ar_internal_metadata".* FROM "ar_internal_metadata" WHERE "ar_internal_metadata"."key" = ? LIMIT ?[0m  [["key", "environment"], ["LIMIT", 1]]
  [1m[36mTRANSACTION (0.1ms)[0m  [1m[36mbegin transaction[0m
  [1m[36mActiveRecord::InternalMetadata Create (0.5ms)[0m  [1m[32mINSERT INTO "ar_internal_metadata" ("key", "value", "created_at", "updated_at") VALUES (?, ?, ?, ?)[0m  [["key", "environment"], ["value", "development"], ["created_at", "2020-12-17 22:56:23.989338"], ["updated_at", "2020-12-17 22:56:23.989338"]]
  [1m[36mTRANSACTION (1.1ms)[0m  [1m[36mcommit transaction[0m
  [1m[35m (0.1ms)[0m  [1m[34mSELECT sqlite_version(*)[0m
  [1m[35m (0.2ms)[0m  [1m[34mSELECT "schema_migrations"."version" FROM "schema_migrations" ORDER BY "schema_migrations"."version" ASC[0m
Started GET "/" for ::1 at 2020-12-18 07:56:42 +0900
  [1m[35m (0.5ms)[0m  [1m[34mSELECT sqlite_version(*)[0m
  [1m[35m (0.2ms)[0m  [1m[34mSELECT "schema_migrations"."version" FROM "schema_migrations" ORDER BY "schema_migrations"."version" ASC[0m
Processing by HomeController#top as HTML
Completed 500 Internal Server Error in 18ms (ActiveRecord: 0.0ms | Allocations: 2257)


  
LoadError (cannot load such file -- bcrypt):
  
app/models/user.rb:2:in `<class:User>'
app/models/user.rb:1:in `<main>'
app/controllers/application_controller.rb:5:in `set_current_user'
Started GET "/" for ::1 at 2020-12-18 08:00:42 +0900
Processing by HomeController#top as HTML
Completed 500 Internal Server Error in 13ms (ActiveRecord: 0.0ms | Allocations: 2834)


  
LoadError (cannot load such file -- bcrypt):
  
app/models/user.rb:2:in `<class:User>'
app/models/user.rb:1:in `<main>'
app/controllers/application_controller.rb:5:in `set_current_user'
Started GET "/" for ::1 at 2020-12-18 08:01:01 +0900
  [1m[35m (0.5ms)[0m  [1m[34mSELECT sqlite_version(*)[0m
  [1m[35m (0.2ms)[0m  [1m[34mSELECT "schema_migrations"."version" FROM "schema_migrations" ORDER BY "schema_migrations"."version" ASC[0m
Processing by HomeController#top as HTML
  [1m[36mUser Load (0.2ms)[0m  [1m[34mSELECT "users".* FROM "users" WHERE "users"."id" IS NULL LIMIT ?[0m  [["LIMIT", 1]]
  ↳ app/controllers/application_controller.rb:5:in `set_current_user'
  Rendering layout layouts/application.html.erb
  Rendering home/top.html.erb within layouts/application
  Rendered home/top.html.erb within layouts/application (Duration: 2.5ms | Allocations: 226)
  Rendered layout layouts/application.html.erb (Duration: 113.4ms | Allocations: 18396)
Completed 500 Internal Server Error in 146ms (ActiveRecord: 0.6ms | Allocations: 23651)


  
ActionView::Template::Error (The asset "application.js" is not present in the asset pipeline.
):
     5:     <%= csrf_meta_tags %>
     6: 
     7:     <%= stylesheet_link_tag    'application', media: 'all', 'data-turbolinks-track': 'reload' %>
     8:     <%= javascript_include_tag 'application', 'data-turbolinks-track': 'reload' %>
     9:     
    10:     <link rel="stylesheet" href="https://maxcdn.bootstrapcdn.com/font-awesome/4.7.0/css/font-awesome.min.css">
    11:   </head>
  
app/views/layouts/application.html.erb:8
Started GET "/" for ::1 at 2020-12-18 08:04:16 +0900
Processing by HomeController#top as HTML
  [1m[36mUser Load (0.2ms)[0m  [1m[34mSELECT "users".* FROM "users" WHERE "users"."id" IS NULL LIMIT ?[0m  [["LIMIT", 1]]
  ↳ app/controllers/application_controller.rb:5:in `set_current_user'
  Rendering layout layouts/application.html.erb
  Rendering home/top.html.erb within layouts/application
  Rendered home/top.html.erb within layouts/application (Duration: 0.1ms | Allocations: 36)
  Rendered layout layouts/application.html.erb (Duration: 10.0ms | Allocations: 7636)
Completed 500 Internal Server Error in 16ms (ActiveRecord: 0.2ms | Allocations: 8808)


  
ActionView::Template::Error (The asset "application.js" is not present in the asset pipeline.
):
     5:     <%= csrf_meta_tags %>
     6: 
     7:     <%= stylesheet_link_tag    'application', media: 'all', 'data-turbolinks-track': 'reload' %>
     8:     <%= javascript_include_tag 'application', 'data-turbolinks-track': 'reload' %>
     9:     
    10:     <link rel="stylesheet" href="https://maxcdn.bootstrapcdn.com/font-awesome/4.7.0/css/font-awesome.min.css">
    11:   </head>
  
app/views/layouts/application.html.erb:8
Started GET "/" for ::1 at 2020-12-18 08:04:35 +0900
  [1m[35m (0.5ms)[0m  [1m[34mSELECT sqlite_version(*)[0m
  [1m[35m (0.2ms)[0m  [1m[34mSELECT "schema_migrations"."version" FROM "schema_migrations" ORDER BY "schema_migrations"."version" ASC[0m
Processing by HomeController#top as HTML
  [1m[36mUser Load (0.2ms)[0m  [1m[34mSELECT "users".* FROM "users" WHERE "users"."id" IS NULL LIMIT ?[0m  [["LIMIT", 1]]
  ↳ app/controllers/application_controller.rb:5:in `set_current_user'
  Rendering layout layouts/application.html.erb
  Rendering home/top.html.erb within layouts/application
  Rendered home/top.html.erb within layouts/application (Duration: 2.7ms | Allocations: 226)
  Rendered layout layouts/application.html.erb (Duration: 111.4ms | Allocations: 16433)
Completed 500 Internal Server Error in 143ms (ActiveRecord: 0.7ms | Allocations: 21754)


  
ActionView::Template::Error (couldn't find file 'jquery' with type 'application/javascript'
Checked in these paths: 
  /Users/Shinya/Rails/sample_app/app/assets/config
  /Users/Shinya/Rails/sample_app/app/assets/images
  /Users/Shinya/Rails/sample_app/app/assets/javascripts
  /Users/Shinya/Rails/sample_app/app/assets/stylesheets
  /Users/Shinya/.rbenv/versions/2.7.2/lib/ruby/gems/2.7.0/gems/actioncable-6.1.0/app/assets/javascripts
  /Users/Shinya/.rbenv/versions/2.7.2/lib/ruby/gems/2.7.0/gems/activestorage-6.1.0/app/assets/javascripts
  /Users/Shinya/.rbenv/versions/2.7.2/lib/ruby/gems/2.7.0/gems/actionview-6.1.0/lib/assets/compiled
  /Users/Shinya/.rbenv/versions/2.7.2/lib/ruby/gems/2.7.0/gems/turbolinks-source-5.2.0/lib/assets/javascripts
  /Users/Shinya/Rails/sample_app/node_modules):
     5:     <%= csrf_meta_tags %>
     6: 
     7:     <%= stylesheet_link_tag    'application', media: 'all', 'data-turbolinks-track': 'reload' %>
     8:     <%= javascript_include_tag 'application', 'data-turbolinks-track': 'reload' %>
     9:     
    10:     <link rel="stylesheet" href="https://maxcdn.bootstrapcdn.com/font-awesome/4.7.0/css/font-awesome.min.css">
    11:   </head>
  
app/assets/javascripts/application.js:13
app/views/layouts/application.html.erb:8
Started GET "/" for ::1 at 2020-12-18 08:14:39 +0900
  [1m[35m (0.5ms)[0m  [1m[34mSELECT sqlite_version(*)[0m
  [1m[35m (0.2ms)[0m  [1m[34mSELECT "schema_migrations"."version" FROM "schema_migrations" ORDER BY "schema_migrations"."version" ASC[0m
Processing by HomeController#top as HTML
  [1m[36mUser Load (0.3ms)[0m  [1m[34mSELECT "users".* FROM "users" WHERE "users"."id" IS NULL LIMIT ?[0m  [["LIMIT", 1]]
  ↳ app/controllers/application_controller.rb:5:in `set_current_user'
  Rendering layout layouts/application.html.erb
  Rendering home/top.html.erb within layouts/application
  Rendered home/top.html.erb within layouts/application (Duration: 2.5ms | Allocations: 226)
  Rendered layout layouts/application.html.erb (Duration: 256.9ms | Allocations: 18579)
Completed 500 Internal Server Error in 283ms (ActiveRecord: 0.9ms | Allocations: 23473)


  
ActionView::Template::Error (couldn't find file 'jquery' with type 'application/javascript'
Checked in these paths: 
  /Users/Shinya/Rails/sample_app/app/assets/config
  /Users/Shinya/Rails/sample_app/app/assets/images
  /Users/Shinya/Rails/sample_app/app/assets/javascripts
  /Users/Shinya/Rails/sample_app/app/assets/stylesheets
  /Users/Shinya/.rbenv/versions/2.7.2/lib/ruby/gems/2.7.0/gems/actioncable-6.1.0/app/assets/javascripts
  /Users/Shinya/.rbenv/versions/2.7.2/lib/ruby/gems/2.7.0/gems/activestorage-6.1.0/app/assets/javascripts
  /Users/Shinya/.rbenv/versions/2.7.2/lib/ruby/gems/2.7.0/gems/actionview-6.1.0/lib/assets/compiled
  /Users/Shinya/.rbenv/versions/2.7.2/lib/ruby/gems/2.7.0/gems/turbolinks-source-5.2.0/lib/assets/javascripts
  /Users/Shinya/Rails/sample_app/node_modules):
  
app/assets/javascripts/application.js:13
Started GET "/" for ::1 at 2020-12-18 08:17:12 +0900
  [1m[35m (0.7ms)[0m  [1m[34mSELECT sqlite_version(*)[0m
  [1m[35m (0.2ms)[0m  [1m[34mSELECT "schema_migrations"."version" FROM "schema_migrations" ORDER BY "schema_migrations"."version" ASC[0m
Processing by HomeController#top as HTML
  [1m[36mUser Load (0.3ms)[0m  [1m[34mSELECT "users".* FROM "users" WHERE "users"."id" IS NULL LIMIT ?[0m  [["LIMIT", 1]]
  ↳ app/controllers/application_controller.rb:5:in `set_current_user'
  Rendering layout layouts/application.html.erb
  Rendering home/top.html.erb within layouts/application
  Rendered home/top.html.erb within layouts/application (Duration: 1.9ms | Allocations: 226)
  Rendered layout layouts/application.html.erb (Duration: 877.3ms | Allocations: 54225)
Completed 200 OK in 928ms (Views: 890.6ms | ActiveRecord: 0.9ms | Allocations: 59644)


Started GET "/" for ::1 at 2020-12-18 08:17:15 +0900
Processing by HomeController#top as HTML
  [1m[36mUser Load (0.2ms)[0m  [1m[34mSELECT "users".* FROM "users" WHERE "users"."id" IS NULL LIMIT ?[0m  [["LIMIT", 1]]
  ↳ app/controllers/application_controller.rb:5:in `set_current_user'
  Rendering layout layouts/application.html.erb
  Rendering home/top.html.erb within layouts/application
  Rendered home/top.html.erb within layouts/application (Duration: 0.1ms | Allocations: 36)
  Rendered layout layouts/application.html.erb (Duration: 5.9ms | Allocations: 3872)
Completed 200 OK in 10ms (Views: 6.5ms | ActiveRecord: 0.2ms | Allocations: 4879)


Started GET "/about" for ::1 at 2020-12-18 08:17:26 +0900
Processing by HomeController#about as HTML
  [1m[36mUser Load (0.3ms)[0m  [1m[34mSELECT "users".* FROM "users" WHERE "users"."id" IS NULL LIMIT ?[0m  [["LIMIT", 1]]
  ↳ app/controllers/application_controller.rb:5:in `set_current_user'
  Rendering layout layouts/application.html.erb
  Rendering home/about.html.erb within layouts/application
  Rendered home/about.html.erb within layouts/application (Duration: 0.7ms | Allocations: 114)
  Rendered layout layouts/application.html.erb (Duration: 10.3ms | Allocations: 3871)
Completed 200 OK in 17ms (Views: 11.6ms | ActiveRecord: 0.3ms | Allocations: 5060)


Started GET "/about" for ::1 at 2020-12-18 08:17:32 +0900
Processing by HomeController#about as HTML
  [1m[36mUser Load (0.2ms)[0m  [1m[34mSELECT "users".* FROM "users" WHERE "users"."id" IS NULL LIMIT ?[0m  [["LIMIT", 1]]
  ↳ app/controllers/application_controller.rb:5:in `set_current_user'
  Rendering layout layouts/application.html.erb
  Rendering home/about.html.erb within layouts/application
  Rendered home/about.html.erb within layouts/application (Duration: 0.2ms | Allocations: 36)
  Rendered layout layouts/application.html.erb (Duration: 7.4ms | Allocations: 3791)
Completed 200 OK in 12ms (Views: 8.5ms | ActiveRecord: 0.2ms | Allocations: 4848)


Started GET "/signup" for ::1 at 2020-12-18 08:17:34 +0900
Processing by UsersController#new as HTML
  [1m[36mUser Load (0.2ms)[0m  [1m[34mSELECT "users".* FROM "users" WHERE "users"."id" IS NULL LIMIT ?[0m  [["LIMIT", 1]]
  ↳ app/controllers/application_controller.rb:5:in `set_current_user'
  Rendering layout layouts/application.html.erb
  Rendering users/new.html.erb within layouts/application
  Rendered users/new.html.erb within layouts/application (Duration: 1.5ms | Allocations: 373)
  Rendered layout layouts/application.html.erb (Duration: 16.6ms | Allocations: 4235)
Completed 200 OK in 36ms (Views: 20.3ms | ActiveRecord: 0.8ms | Allocations: 9660)


Started GET "/login" for ::1 at 2020-12-18 08:17:37 +0900
Processing by UsersController#login_form as HTML
  [1m[36mUser Load (0.2ms)[0m  [1m[34mSELECT "users".* FROM "users" WHERE "users"."id" IS NULL LIMIT ?[0m  [["LIMIT", 1]]
  ↳ app/controllers/application_controller.rb:5:in `set_current_user'
  Rendering layout layouts/application.html.erb
  Rendering users/login_form.html.erb within layouts/application
  Rendered users/login_form.html.erb within layouts/application (Duration: 1.6ms | Allocations: 321)
  Rendered layout layouts/application.html.erb (Duration: 21.9ms | Allocations: 4106)
Completed 200 OK in 30ms (Views: 24.3ms | ActiveRecord: 0.2ms | Allocations: 5286)


Started GET "/about" for ::1 at 2020-12-18 08:17:39 +0900
Processing by HomeController#about as HTML
  [1m[36mUser Load (0.2ms)[0m  [1m[34mSELECT "users".* FROM "users" WHERE "users"."id" IS NULL LIMIT ?[0m  [["LIMIT", 1]]
  ↳ app/controllers/application_controller.rb:5:in `set_current_user'
  Rendering layout layouts/application.html.erb
  Rendering home/about.html.erb within layouts/application
  Rendered home/about.html.erb within layouts/application (Duration: 0.2ms | Allocations: 36)
  Rendered layout layouts/application.html.erb (Duration: 11.6ms | Allocations: 3792)
Completed 200 OK in 18ms (Views: 13.9ms | ActiveRecord: 0.2ms | Allocations: 4831)


Started GET "/signup" for ::1 at 2020-12-18 08:17:42 +0900
Processing by UsersController#new as HTML
  [1m[36mUser Load (0.2ms)[0m  [1m[34mSELECT "users".* FROM "users" WHERE "users"."id" IS NULL LIMIT ?[0m  [["LIMIT", 1]]
  ↳ app/controllers/application_controller.rb:5:in `set_current_user'
  Rendering layout layouts/application.html.erb
  Rendering users/new.html.erb within layouts/application
  Rendered users/new.html.erb within layouts/application (Duration: 0.7ms | Allocations: 112)
  Rendered layout layouts/application.html.erb (Duration: 13.4ms | Allocations: 3863)
Completed 200 OK in 25ms (Views: 19.8ms | ActiveRecord: 0.2ms | Allocations: 5559)


Started GET "/login" for ::1 at 2020-12-18 08:17:46 +0900
Processing by UsersController#login_form as HTML
  [1m[36mUser Load (0.2ms)[0m  [1m[34mSELECT "users".* FROM "users" WHERE "users"."id" IS NULL LIMIT ?[0m  [["LIMIT", 1]]
  ↳ app/controllers/application_controller.rb:5:in `set_current_user'
  Rendering layout layouts/application.html.erb
  Rendering users/login_form.html.erb within layouts/application
  Rendered users/login_form.html.erb within layouts/application (Duration: 1.1ms | Allocations: 109)
  Rendered layout layouts/application.html.erb (Duration: 12.9ms | Allocations: 3859)
Completed 200 OK in 17ms (Views: 13.8ms | ActiveRecord: 0.2ms | Allocations: 4911)


Started GET "/signup" for ::1 at 2020-12-18 08:17:52 +0900
Processing by UsersController#new as HTML
  [1m[36mUser Load (0.3ms)[0m  [1m[34mSELECT "users".* FROM "users" WHERE "users"."id" IS NULL LIMIT ?[0m  [["LIMIT", 1]]
  ↳ app/controllers/application_controller.rb:5:in `set_current_user'
  Rendering layout layouts/application.html.erb
  Rendering users/new.html.erb within layouts/application
  Rendered users/new.html.erb within layouts/application (Duration: 0.8ms | Allocations: 112)
  Rendered layout layouts/application.html.erb (Duration: 11.0ms | Allocations: 3881)
Completed 200 OK in 19ms (Views: 12.2ms | ActiveRecord: 0.3ms | Allocations: 4949)


Started GET "/signup" for ::1 at 2020-12-18 08:19:46 +0900
Processing by UsersController#new as HTML
  [1m[36mUser Load (0.2ms)[0m  [1m[34mSELECT "users".* FROM "users" WHERE "users"."id" IS NULL LIMIT ?[0m  [["LIMIT", 1]]
  ↳ app/controllers/application_controller.rb:5:in `set_current_user'
  Rendering layout layouts/application.html.erb
  Rendering users/new.html.erb within layouts/application
  Rendered users/new.html.erb within layouts/application (Duration: 0.5ms | Allocations: 112)
  Rendered layout layouts/application.html.erb (Duration: 10.7ms | Allocations: 3876)
Completed 200 OK in 15ms (Views: 11.4ms | ActiveRecord: 0.2ms | Allocations: 4942)


Started GET "/about" for ::1 at 2020-12-18 08:19:48 +0900
Processing by HomeController#about as HTML
  [1m[36mUser Load (0.2ms)[0m  [1m[34mSELECT "users".* FROM "users" WHERE "users"."id" IS NULL LIMIT ?[0m  [["LIMIT", 1]]
  ↳ app/controllers/application_controller.rb:5:in `set_current_user'
  Rendering layout layouts/application.html.erb
  Rendering home/about.html.erb within layouts/application
  Rendered home/about.html.erb within layouts/application (Duration: 0.3ms | Allocations: 36)
  Rendered layout layouts/application.html.erb (Duration: 20.6ms | Allocations: 4384)
Completed 200 OK in 30ms (Views: 24.2ms | ActiveRecord: 0.2ms | Allocations: 5423)


Started GET "/signup" for ::1 at 2020-12-18 08:20:01 +0900
Processing by UsersController#new as HTML
  [1m[36mUser Load (0.2ms)[0m  [1m[34mSELECT "users".* FROM "users" WHERE "users"."id" IS NULL LIMIT ?[0m  [["LIMIT", 1]]
  ↳ app/controllers/application_controller.rb:5:in `set_current_user'
  Rendering layout layouts/application.html.erb
  Rendering users/new.html.erb within layouts/application
  Rendered users/new.html.erb within layouts/application (Duration: 1.1ms | Allocations: 112)
  Rendered layout layouts/application.html.erb (Duration: 22.2ms | Allocations: 5077)
Completed 200 OK in 31ms (Views: 26.3ms | ActiveRecord: 0.2ms | Allocations: 6144)


Started POST "/users/create" for ::1 at 2020-12-18 08:20:08 +0900
Processing by UsersController#create as HTML
  Parameters: {"authenticity_token"=>"[FILTERED]", "name"=>"a", "email"=>"a", "password"=>"[FILTERED]"}
  [1m[36mUser Load (0.2ms)[0m  [1m[34mSELECT "users".* FROM "users" WHERE "users"."id" IS NULL LIMIT ?[0m  [["LIMIT", 1]]
  ↳ app/controllers/application_controller.rb:5:in `set_current_user'
  [1m[36mTRANSACTION (0.1ms)[0m  [1m[36mbegin transaction[0m
  ↳ app/controllers/users_controller.rb:25:in `create'
  [1m[36mUser Exists? (0.2ms)[0m  [1m[34mSELECT 1 AS one FROM "users" WHERE "users"."email" = ? LIMIT ?[0m  [["email", "a"], ["LIMIT", 1]]
  ↳ app/controllers/users_controller.rb:25:in `create'
  [1m[36mUser Create (0.3ms)[0m  [1m[32mINSERT INTO "users" ("name", "email", "created_at", "updated_at", "image_name", "password_digest") VALUES (?, ?, ?, ?, ?, ?)[0m  [["name", "a"], ["email", "a"], ["created_at", "2020-12-17 23:20:08.831833"], ["updated_at", "2020-12-17 23:20:08.831833"], ["image_name", "default_user.jpg"], ["password_digest", "$2a$12$nYeWQkFhKqXXs5FPDthObunm1zV0a1AsWpbIAy00ycla0b7DNcZFG"]]
  ↳ app/controllers/users_controller.rb:25:in `create'
  [1m[36mTRANSACTION (1.9ms)[0m  [1m[36mcommit transaction[0m
  ↳ app/controllers/users_controller.rb:25:in `create'
Redirected to http://localhost:3000/users/1
Completed 302 Found in 272ms (ActiveRecord: 2.6ms | Allocations: 4369)


Started GET "/users/1" for ::1 at 2020-12-18 08:20:08 +0900
Processing by UsersController#show as HTML
  Parameters: {"id"=>"1"}
  [1m[36mUser Load (0.2ms)[0m  [1m[34mSELECT "users".* FROM "users" WHERE "users"."id" = ? LIMIT ?[0m  [["id", 1], ["LIMIT", 1]]
  ↳ app/controllers/application_controller.rb:5:in `set_current_user'
  [1m[36mUser Load (0.1ms)[0m  [1m[34mSELECT "users".* FROM "users" WHERE "users"."id" = ? LIMIT ?[0m  [["id", 1], ["LIMIT", 1]]
  ↳ app/controllers/users_controller.rb:11:in `show'
  Rendering layout layouts/application.html.erb
  Rendering users/show.html.erb within layouts/application
  [1m[36mPost Load (0.1ms)[0m  [1m[34mSELECT "posts".* FROM "posts" WHERE "posts"."user_id" = ?[0m  [["user_id", 1]]
  ↳ app/views/users/show.html.erb:17
  Rendered users/show.html.erb within layouts/application (Duration: 16.0ms | Allocations: 4040)
  Rendered layout layouts/application.html.erb (Duration: 25.8ms | Allocations: 7830)
Completed 200 OK in 31ms (Views: 25.8ms | ActiveRecord: 0.9ms | Allocations: 9581)


Started GET "/users/1/edit" for ::1 at 2020-12-18 08:20:26 +0900
Processing by UsersController#edit as HTML
  Parameters: {"id"=>"1"}
  [1m[36mUser Load (1.2ms)[0m  [1m[34mSELECT "users".* FROM "users" WHERE "users"."id" = ? LIMIT ?[0m  [["id", 1], ["LIMIT", 1]]
  ↳ app/controllers/application_controller.rb:5:in `set_current_user'
  [1m[36mUser Load (0.2ms)[0m  [1m[34mSELECT "users".* FROM "users" WHERE "users"."id" = ? LIMIT ?[0m  [["id", 1], ["LIMIT", 1]]
  ↳ app/controllers/users_controller.rb:35:in `edit'
  Rendering layout layouts/application.html.erb
  Rendering users/edit.html.erb within layouts/application
  Rendered users/edit.html.erb within layouts/application (Duration: 2.0ms | Allocations: 363)
  Rendered layout layouts/application.html.erb (Duration: 16.8ms | Allocations: 4267)
Completed 200 OK in 29ms (Views: 17.9ms | ActiveRecord: 1.4ms | Allocations: 6345)


Started POST "/users/1/update" for ::1 at 2020-12-18 08:20:34 +0900
Processing by UsersController#update as HTML
  Parameters: {"authenticity_token"=>"[FILTERED]", "name"=>"a", "image"=>#<ActionDispatch::Http::UploadedFile:0x00007fbff7a824b0 @tempfile=#<Tempfile:/var/folders/bm/6f64vlg54tx3cfnpzzymd9hc0000gn/T/RackMultipart20201218-83821-1uot2d3.jpeg>, @original_filename="19550_en_1.jpeg", @content_type="image/jpeg", @headers="Content-Disposition: form-data; name=\"image\"; filename=\"19550_en_1.jpeg\"\r\nContent-Type: image/jpeg\r\n">, "email"=>"a", "id"=>"1"}
  [1m[36mUser Load (0.2ms)[0m  [1m[34mSELECT "users".* FROM "users" WHERE "users"."id" = ? LIMIT ?[0m  [["id", 1], ["LIMIT", 1]]
  ↳ app/controllers/application_controller.rb:5:in `set_current_user'
  [1m[36mUser Load (0.1ms)[0m  [1m[34mSELECT "users".* FROM "users" WHERE "users"."id" = ? LIMIT ?[0m  [["id", 1], ["LIMIT", 1]]
  ↳ app/controllers/users_controller.rb:39:in `update'
  [1m[36mTRANSACTION (0.1ms)[0m  [1m[36mbegin transaction[0m
  ↳ app/controllers/users_controller.rb:49:in `update'
  [1m[36mUser Exists? (0.3ms)[0m  [1m[34mSELECT 1 AS one FROM "users" WHERE "users"."email" = ? AND "users"."id" != ? LIMIT ?[0m  [["email", "a"], ["id", 1], ["LIMIT", 1]]
  ↳ app/controllers/users_controller.rb:49:in `update'
  [1m[36mUser Update (0.4ms)[0m  [1m[33mUPDATE "users" SET "updated_at" = ?, "image_name" = ? WHERE "users"."id" = ?[0m  [["updated_at", "2020-12-17 23:20:34.418504"], ["image_name", "1.jpg"], ["id", 1]]
  ↳ app/controllers/users_controller.rb:49:in `update'
  [1m[36mTRANSACTION (1.1ms)[0m  [1m[36mcommit transaction[0m
  ↳ app/controllers/users_controller.rb:49:in `update'
Redirected to http://localhost:3000/users/1
Completed 302 Found in 17ms (ActiveRecord: 2.1ms | Allocations: 4475)


Started GET "/users/1" for ::1 at 2020-12-18 08:20:34 +0900
Processing by UsersController#show as HTML
  Parameters: {"id"=>"1"}
  [1m[36mUser Load (0.2ms)[0m  [1m[34mSELECT "users".* FROM "users" WHERE "users"."id" = ? LIMIT ?[0m  [["id", 1], ["LIMIT", 1]]
  ↳ app/controllers/application_controller.rb:5:in `set_current_user'
  [1m[36mUser Load (0.1ms)[0m  [1m[34mSELECT "users".* FROM "users" WHERE "users"."id" = ? LIMIT ?[0m  [["id", 1], ["LIMIT", 1]]
  ↳ app/controllers/users_controller.rb:11:in `show'
  Rendering layout layouts/application.html.erb
  Rendering users/show.html.erb within layouts/application
  [1m[36mPost Load (0.1ms)[0m  [1m[34mSELECT "posts".* FROM "posts" WHERE "posts"."user_id" = ?[0m  [["user_id", 1]]
  ↳ app/views/users/show.html.erb:17
  Rendered users/show.html.erb within layouts/application (Duration: 2.3ms | Allocations: 758)
  Rendered layout layouts/application.html.erb (Duration: 9.5ms | Allocations: 4541)
Completed 200 OK in 14ms (Views: 10.0ms | ActiveRecord: 0.5ms | Allocations: 6036)


Started GET "/users/1/likes" for ::1 at 2020-12-18 08:20:37 +0900
Processing by UsersController#likes as HTML
  Parameters: {"id"=>"1"}
  [1m[36mUser Load (0.2ms)[0m  [1m[34mSELECT "users".* FROM "users" WHERE "users"."id" = ? LIMIT ?[0m  [["id", 1], ["LIMIT", 1]]
  ↳ app/controllers/application_controller.rb:5:in `set_current_user'
  [1m[36mUser Load (0.3ms)[0m  [1m[34mSELECT "users".* FROM "users" WHERE "users"."id" = ? LIMIT ?[0m  [["id", 1], ["LIMIT", 1]]
  ↳ app/controllers/users_controller.rb:83:in `likes'
  Rendering layout layouts/application.html.erb
  Rendering users/likes.html.erb within layouts/application
  [1m[36mLike Load (0.3ms)[0m  [1m[34mSELECT "likes".* FROM "likes" WHERE "likes"."user_id" = ?[0m  [["user_id", 1]]
  ↳ app/views/users/likes.html.erb:19
  Rendered users/likes.html.erb within layouts/application (Duration: 8.1ms | Allocations: 1524)
  Rendered layout layouts/application.html.erb (Duration: 21.1ms | Allocations: 5416)
Completed 200 OK in 37ms (Views: 22.0ms | ActiveRecord: 1.6ms | Allocations: 7663)


Started GET "/users/1" for ::1 at 2020-12-18 08:20:37 +0900
Processing by UsersController#show as HTML
  Parameters: {"id"=>"1"}
  [1m[36mUser Load (0.2ms)[0m  [1m[34mSELECT "users".* FROM "users" WHERE "users"."id" = ? LIMIT ?[0m  [["id", 1], ["LIMIT", 1]]
  ↳ app/controllers/application_controller.rb:5:in `set_current_user'
  [1m[36mUser Load (0.3ms)[0m  [1m[34mSELECT "users".* FROM "users" WHERE "users"."id" = ? LIMIT ?[0m  [["id", 1], ["LIMIT", 1]]
  ↳ app/controllers/users_controller.rb:11:in `show'
  Rendering layout layouts/application.html.erb
  Rendering users/show.html.erb within layouts/application
  [1m[36mPost Load (0.3ms)[0m  [1m[34mSELECT "posts".* FROM "posts" WHERE "posts"."user_id" = ?[0m  [["user_id", 1]]
  ↳ app/views/users/show.html.erb:17
  Rendered users/show.html.erb within layouts/application (Duration: 18.5ms | Allocations: 758)
  Rendered layout layouts/application.html.erb (Duration: 30.3ms | Allocations: 4537)
Completed 200 OK in 38ms (Views: 30.9ms | ActiveRecord: 0.8ms | Allocations: 6028)


Started GET "/posts/index" for ::1 at 2020-12-18 08:20:40 +0900
Processing by PostsController#index as HTML
  [1m[36mUser Load (0.2ms)[0m  [1m[34mSELECT "users".* FROM "users" WHERE "users"."id" = ? LIMIT ?[0m  [["id", 1], ["LIMIT", 1]]
  ↳ app/controllers/application_controller.rb:5:in `set_current_user'
  Rendering layout layouts/application.html.erb
  Rendering posts/index.html.erb within layouts/application
  [1m[36mPost Load (0.3ms)[0m  [1m[34mSELECT "posts".* FROM "posts" ORDER BY "posts"."created_at" DESC[0m
  ↳ app/views/posts/index.html.erb:3
  Rendered posts/index.html.erb within layouts/application (Duration: 7.3ms | Allocations: 865)
  Rendered layout layouts/application.html.erb (Duration: 19.6ms | Allocations: 4776)
Completed 200 OK in 30ms (Views: 24.1ms | ActiveRecord: 0.5ms | Allocations: 6825)


Started GET "/posts/new" for ::1 at 2020-12-18 08:20:43 +0900
Processing by PostsController#new as HTML
  [1m[36mUser Load (0.5ms)[0m  [1m[34mSELECT "users".* FROM "users" WHERE "users"."id" = ? LIMIT ?[0m  [["id", 1], ["LIMIT", 1]]
  ↳ app/controllers/application_controller.rb:5:in `set_current_user'
  Rendering layout layouts/application.html.erb
  Rendering posts/new.html.erb within layouts/application
  Rendered posts/new.html.erb within layouts/application (Duration: 1.4ms | Allocations: 319)
  Rendered layout layouts/application.html.erb (Duration: 9.6ms | Allocations: 4096)
Completed 200 OK in 23ms (Views: 10.3ms | ActiveRecord: 1.3ms | Allocations: 7128)


Started GET "/users/index" for ::1 at 2020-12-18 08:20:44 +0900
Processing by UsersController#index as HTML
  [1m[36mUser Load (0.3ms)[0m  [1m[34mSELECT "users".* FROM "users" WHERE "users"."id" = ? LIMIT ?[0m  [["id", 1], ["LIMIT", 1]]
  ↳ app/controllers/application_controller.rb:5:in `set_current_user'
  Rendering layout layouts/application.html.erb
  Rendering users/index.html.erb within layouts/application
  [1m[36mUser Load (0.4ms)[0m  [1m[34mSELECT "users".* FROM "users"[0m
  ↳ app/views/users/index.html.erb:4
  Rendered users/index.html.erb within layouts/application (Duration: 4.0ms | Allocations: 870)
  Rendered layout layouts/application.html.erb (Duration: 14.1ms | Allocations: 4652)
Completed 200 OK in 20ms (Views: 14.5ms | ActiveRecord: 0.7ms | Allocations: 5733)


Started GET "/users/index" for ::1 at 2020-12-19 16:46:04 +0900
  [1m[35m (3.8ms)[0m  [1m[34mSELECT sqlite_version(*)[0m
  [1m[35m (0.8ms)[0m  [1m[34mSELECT "schema_migrations"."version" FROM "schema_migrations" ORDER BY "schema_migrations"."version" ASC[0m
Processing by UsersController#index as HTML
  [1m[36mUser Load (0.7ms)[0m  [1m[34mSELECT "users".* FROM "users" WHERE "users"."id" = ? LIMIT ?[0m  [["id", 1], ["LIMIT", 1]]
  ↳ app/controllers/application_controller.rb:5:in `set_current_user'
  Rendering layout layouts/application.html.erb
  Rendering users/index.html.erb within layouts/application
  [1m[36mUser Load (0.3ms)[0m  [1m[34mSELECT "users".* FROM "users"[0m
  ↳ app/views/users/index.html.erb:4
  Rendered users/index.html.erb within layouts/application (Duration: 8.6ms | Allocations: 1112)
  Rendered layout layouts/application.html.erb (Duration: 69.0ms | Allocations: 9746)
Completed 200 OK in 135ms (Views: 82.2ms | ActiveRecord: 1.9ms | Allocations: 19055)


Started GET "/posts/index" for ::1 at 2020-12-19 16:46:07 +0900
Processing by PostsController#index as HTML
  [1m[36mUser Load (0.5ms)[0m  [1m[34mSELECT "users".* FROM "users" WHERE "users"."id" = ? LIMIT ?[0m  [["id", 1], ["LIMIT", 1]]
  ↳ app/controllers/application_controller.rb:5:in `set_current_user'
  Rendering layout layouts/application.html.erb
  Rendering posts/index.html.erb within layouts/application
  [1m[36mPost Load (0.8ms)[0m  [1m[34mSELECT "posts".* FROM "posts" ORDER BY "posts"."created_at" DESC[0m
  ↳ app/views/posts/index.html.erb:3
  Rendered posts/index.html.erb within layouts/application (Duration: 5.6ms | Allocations: 893)
  Rendered layout layouts/application.html.erb (Duration: 16.8ms | Allocations: 4790)
Completed 200 OK in 35ms (Views: 19.5ms | ActiveRecord: 1.9ms | Allocations: 7458)


Started POST "/logout" for ::1 at 2020-12-19 16:46:14 +0900
Processing by UsersController#logout as HTML
  Parameters: {"authenticity_token"=>"[FILTERED]"}
  [1m[36mUser Load (0.2ms)[0m  [1m[34mSELECT "users".* FROM "users" WHERE "users"."id" = ? LIMIT ?[0m  [["id", 1], ["LIMIT", 1]]
  ↳ app/controllers/application_controller.rb:5:in `set_current_user'
Redirected to http://localhost:3000/login
Completed 302 Found in 4ms (ActiveRecord: 0.2ms | Allocations: 859)


Started GET "/login" for ::1 at 2020-12-19 16:46:14 +0900
Processing by UsersController#login_form as HTML
  [1m[36mUser Load (0.2ms)[0m  [1m[34mSELECT "users".* FROM "users" WHERE "users"."id" IS NULL LIMIT ?[0m  [["LIMIT", 1]]
  ↳ app/controllers/application_controller.rb:5:in `set_current_user'
  Rendering layout layouts/application.html.erb
  Rendering users/login_form.html.erb within layouts/application
  Rendered users/login_form.html.erb within layouts/application (Duration: 2.5ms | Allocations: 337)
  Rendered layout layouts/application.html.erb (Duration: 8.6ms | Allocations: 4092)
Completed 200 OK in 13ms (Views: 9.4ms | ActiveRecord: 0.2ms | Allocations: 5299)


Started GET "/" for ::1 at 2020-12-19 16:46:17 +0900
Processing by HomeController#top as HTML
  [1m[36mUser Load (0.2ms)[0m  [1m[34mSELECT "users".* FROM "users" WHERE "users"."id" IS NULL LIMIT ?[0m  [["LIMIT", 1]]
  ↳ app/controllers/application_controller.rb:5:in `set_current_user'
  Rendering layout layouts/application.html.erb
  Rendering home/top.html.erb within layouts/application
  Rendered home/top.html.erb within layouts/application (Duration: 2.9ms | Allocations: 109)
  Rendered layout layouts/application.html.erb (Duration: 14.4ms | Allocations: 3864)
Completed 200 OK in 29ms (Views: 18.6ms | ActiveRecord: 0.2ms | Allocations: 6033)


Started GET "/signup" for ::1 at 2020-12-19 16:51:23 +0900
Processing by UsersController#new as HTML
  [1m[36mUser Load (0.5ms)[0m  [1m[34mSELECT "users".* FROM "users" WHERE "users"."id" IS NULL LIMIT ?[0m  [["LIMIT", 1]]
  ↳ app/controllers/application_controller.rb:5:in `set_current_user'
  Rendering layout layouts/application.html.erb
  Rendering users/new.html.erb within layouts/application
  Rendered users/new.html.erb within layouts/application (Duration: 4.3ms | Allocations: 441)
  Rendered layout layouts/application.html.erb (Duration: 20.9ms | Allocations: 4210)
Completed 200 OK in 30ms (Views: 22.7ms | ActiveRecord: 0.5ms | Allocations: 5899)


Started GET "/about" for ::1 at 2020-12-19 16:51:27 +0900
Processing by HomeController#about as HTML
  [1m[36mUser Load (0.3ms)[0m  [1m[34mSELECT "users".* FROM "users" WHERE "users"."id" IS NULL LIMIT ?[0m  [["LIMIT", 1]]
  ↳ app/controllers/application_controller.rb:5:in `set_current_user'
  Rendering layout layouts/application.html.erb
  Rendering home/about.html.erb within layouts/application
  Rendered home/about.html.erb within layouts/application (Duration: 1.8ms | Allocations: 111)
  Rendered layout layouts/application.html.erb (Duration: 13.2ms | Allocations: 3866)
Completed 200 OK in 21ms (Views: 14.2ms | ActiveRecord: 0.3ms | Allocations: 5031)


Started GET "/signup" for ::1 at 2020-12-19 16:51:28 +0900
Processing by UsersController#new as HTML
  [1m[36mUser Load (0.4ms)[0m  [1m[34mSELECT "users".* FROM "users" WHERE "users"."id" IS NULL LIMIT ?[0m  [["LIMIT", 1]]
  ↳ app/controllers/application_controller.rb:5:in `set_current_user'
  Rendering layout layouts/application.html.erb
  Rendering users/new.html.erb within layouts/application
  Rendered users/new.html.erb within layouts/application (Duration: 1.6ms | Allocations: 115)
  Rendered layout layouts/application.html.erb (Duration: 33.5ms | Allocations: 6126)
Completed 200 OK in 44ms (Views: 34.4ms | ActiveRecord: 0.4ms | Allocations: 7212)


Started GET "/login" for ::1 at 2020-12-19 16:51:28 +0900
Processing by UsersController#login_form as HTML
  [1m[36mUser Load (0.3ms)[0m  [1m[34mSELECT "users".* FROM "users" WHERE "users"."id" IS NULL LIMIT ?[0m  [["LIMIT", 1]]
  ↳ app/controllers/application_controller.rb:5:in `set_current_user'
  Rendering layout layouts/application.html.erb
  Rendering users/login_form.html.erb within layouts/application
  Rendered users/login_form.html.erb within layouts/application (Duration: 0.6ms | Allocations: 109)
  Rendered layout layouts/application.html.erb (Duration: 8.8ms | Allocations: 3921)
Completed 200 OK in 15ms (Views: 9.5ms | ActiveRecord: 0.3ms | Allocations: 4996)


Started GET "/about" for ::1 at 2020-12-19 16:51:29 +0900
Processing by HomeController#about as HTML
  [1m[36mUser Load (0.3ms)[0m  [1m[34mSELECT "users".* FROM "users" WHERE "users"."id" IS NULL LIMIT ?[0m  [["LIMIT", 1]]
  ↳ app/controllers/application_controller.rb:5:in `set_current_user'
  Rendering layout layouts/application.html.erb
  Rendering home/about.html.erb within layouts/application
  Rendered home/about.html.erb within layouts/application (Duration: 0.2ms | Allocations: 36)
  Rendered layout layouts/application.html.erb (Duration: 12.1ms | Allocations: 3791)
Completed 200 OK in 18ms (Views: 13.1ms | ActiveRecord: 0.3ms | Allocations: 4830)


Started GET "/about" for ::1 at 2020-12-19 18:08:00 +0900
  [1m[35m (0.6ms)[0m  [1m[34mSELECT sqlite_version(*)[0m
  [1m[35m (0.2ms)[0m  [1m[34mSELECT "schema_migrations"."version" FROM "schema_migrations" ORDER BY "schema_migrations"."version" ASC[0m
Processing by HomeController#about as HTML
  [1m[36mUser Load (1.0ms)[0m  [1m[34mSELECT "users".* FROM "users" WHERE "users"."id" IS NULL LIMIT ?[0m  [["LIMIT", 1]]
  ↳ app/controllers/application_controller.rb:5:in `set_current_user'
  Rendering layout layouts/application.html.erb
  Rendering home/about.html.erb within layouts/application
  Rendered home/about.html.erb within layouts/application (Duration: 7.5ms | Allocations: 291)
  Rendered layout layouts/application.html.erb (Duration: 88.1ms | Allocations: 8974)
Completed 200 OK in 143ms (Views: 102.6ms | ActiveRecord: 1.6ms | Allocations: 14390)


